<?xml version="1.0" encoding="UTF-8"?>
<coverage generated="1770979748948" clover="3.2.0">
  <project timestamp="1770979748948" name="All files">
    <metrics statements="58" coveredstatements="57" conditionals="65" coveredconditionals="52" methods="17" coveredmethods="17" elements="140" coveredelements="126" complexity="0" loc="58" ncloc="58" packages="1" files="1" classes="1"/>
    <file name="utils.js" path="E:\Systemutveckling .net\HTML\Bildgalleriet\src\utils.js">
      <metrics statements="58" coveredstatements="57" conditionals="65" coveredconditionals="52" methods="17" coveredmethods="17"/>
      <line num="15" count="105" type="cond" truecount="2" falsecount="0"/>
      <line num="19" count="4" type="cond" truecount="3" falsecount="1"/>
      <line num="21" count="4" type="stmt"/>
      <line num="22" count="4" type="stmt"/>
      <line num="23" count="20" type="cond" truecount="4" falsecount="0"/>
      <line num="24" count="1" type="stmt"/>
      <line num="28" count="6" type="cond" truecount="5" falsecount="1"/>
      <line num="29" count="0" type="stmt"/>
      <line num="32" count="3" type="stmt"/>
      <line num="36" count="3" type="cond" truecount="5" falsecount="0"/>
      <line num="37" count="1" type="stmt"/>
      <line num="40" count="2" type="stmt"/>
      <line num="41" count="2" type="stmt"/>
      <line num="43" count="2" type="stmt"/>
      <line num="44" count="4" type="stmt"/>
      <line num="45" count="4" type="cond" truecount="3" falsecount="1"/>
      <line num="46" count="3" type="stmt"/>
      <line num="49" count="2" type="stmt"/>
      <line num="53" count="4" type="stmt"/>
      <line num="54" count="4" type="cond" truecount="4" falsecount="0"/>
      <line num="55" count="9" type="stmt"/>
      <line num="59" count="5" type="cond" truecount="1" falsecount="1"/>
      <line num="60" count="5" type="cond" truecount="2" falsecount="0"/>
      <line num="63" count="2" type="stmt"/>
      <line num="64" count="6" type="cond" truecount="1" falsecount="1"/>
      <line num="65" count="8" type="stmt"/>
      <line num="70" count="6" type="stmt"/>
      <line num="71" count="6" type="cond" truecount="2" falsecount="0"/>
      <line num="73" count="4" type="stmt"/>
      <line num="74" count="10" type="stmt"/>
      <line num="79" count="10" type="stmt"/>
      <line num="84" count="2" type="stmt"/>
      <line num="85" count="2" type="stmt"/>
      <line num="86" count="2" type="stmt"/>
      <line num="87" count="2" type="stmt"/>
      <line num="88" count="2" type="stmt"/>
      <line num="97" count="3" type="stmt"/>
      <line num="99" count="3" type="stmt"/>
      <line num="100" count="8" type="cond" truecount="1" falsecount="1"/>
      <line num="101" count="14" type="stmt"/>
      <line num="102" count="14" type="cond" truecount="1" falsecount="1"/>
      <line num="103" count="14" type="cond" truecount="2" falsecount="0"/>
      <line num="107" count="3" type="stmt"/>
      <line num="108" count="8" type="cond" truecount="2" falsecount="0"/>
      <line num="110" count="5" type="stmt"/>
      <line num="118" count="2" type="stmt"/>
      <line num="119" count="2" type="stmt"/>
      <line num="120" count="7" type="cond" truecount="1" falsecount="1"/>
      <line num="122" count="2" type="stmt"/>
      <line num="129" count="4" type="stmt"/>
      <line num="130" count="4" type="cond" truecount="2" falsecount="0"/>
      <line num="132" count="3" type="cond" truecount="1" falsecount="1"/>
      <line num="133" count="3" type="stmt"/>
      <line num="135" count="3" type="stmt"/>
      <line num="136" count="11" type="cond" truecount="2" falsecount="0"/>
      <line num="137" count="10" type="cond" truecount="2" falsecount="0"/>
      <line num="138" count="10" type="cond" truecount="2" falsecount="0"/>
      <line num="141" count="3" type="stmt"/>
    </file>
  </project>
</coverage>
