{"E:\\Systemutveckling .net\\HTML\\Bildgalleriet\\src\\utils.js": {"path":"E:\\Systemutveckling .net\\HTML\\Bildgalleriet\\src\\utils.js","statementMap":{"0":{"start":{"line":15,"column":2},"end":{"line":15,"column":46}},"1":{"start":{"line":19,"column":2},"end":{"line":19,"column":94}},"2":{"start":{"line":19,"column":41},"end":{"line":19,"column":94}},"3":{"start":{"line":21,"column":25},"end":{"line":21,"column":76}},"4":{"start":{"line":22,"column":2},"end":{"line":26,"column":3}},"5":{"start":{"line":23,"column":4},"end":{"line":25,"column":5}},"6":{"start":{"line":24,"column":6},"end":{"line":24,"column":62}},"7":{"start":{"line":28,"column":2},"end":{"line":30,"column":3}},"8":{"start":{"line":28,"column":55},"end":{"line":28,"column":95}},"9":{"start":{"line":29,"column":4},"end":{"line":29,"column":58}},"10":{"start":{"line":32,"column":2},"end":{"line":32,"column":35}},"11":{"start":{"line":36,"column":2},"end":{"line":38,"column":3}},"12":{"start":{"line":37,"column":4},"end":{"line":37,"column":81}},"13":{"start":{"line":40,"column":17},"end":{"line":40,"column":19}},"14":{"start":{"line":41,"column":17},"end":{"line":41,"column":19}},"15":{"start":{"line":43,"column":2},"end":{"line":47,"column":3}},"16":{"start":{"line":44,"column":16},"end":{"line":44,"column":39}},"17":{"start":{"line":45,"column":4},"end":{"line":46,"column":27}},"18":{"start":{"line":45,"column":17},"end":{"line":45,"column":71}},"19":{"start":{"line":46,"column":9},"end":{"line":46,"column":27}},"20":{"start":{"line":49,"column":2},"end":{"line":49,"column":53}},"21":{"start":{"line":53,"column":12},"end":{"line":53,"column":35}},"22":{"start":{"line":54,"column":2},"end":{"line":54,"column":39}},"23":{"start":{"line":54,"column":25},"end":{"line":54,"column":39}},"24":{"start":{"line":55,"column":2},"end":{"line":55,"column":65}},"25":{"start":{"line":55,"column":30},"end":{"line":55,"column":63}},"26":{"start":{"line":59,"column":15},"end":{"line":59,"column":70}},"27":{"start":{"line":60,"column":2},"end":{"line":60,"column":39}},"28":{"start":{"line":60,"column":25},"end":{"line":60,"column":39}},"29":{"start":{"line":63,"column":2},"end":{"line":66,"column":5}},"30":{"start":{"line":64,"column":20},"end":{"line":64,"column":64}},"31":{"start":{"line":65,"column":4},"end":{"line":65,"column":43}},"32":{"start":{"line":65,"column":27},"end":{"line":65,"column":41}},"33":{"start":{"line":70,"column":12},"end":{"line":70,"column":32}},"34":{"start":{"line":71,"column":2},"end":{"line":71,"column":24}},"35":{"start":{"line":71,"column":10},"end":{"line":71,"column":24}},"36":{"start":{"line":73,"column":2},"end":{"line":80,"column":5}},"37":{"start":{"line":74,"column":16},"end":{"line":78,"column":34}},"38":{"start":{"line":79,"column":4},"end":{"line":79,"column":27}},"39":{"start":{"line":84,"column":12},"end":{"line":84,"column":26}},"40":{"start":{"line":85,"column":2},"end":{"line":85,"column":40}},"41":{"start":{"line":86,"column":2},"end":{"line":86,"column":40}},"42":{"start":{"line":87,"column":2},"end":{"line":87,"column":33}},"43":{"start":{"line":88,"column":2},"end":{"line":88,"column":13}},"44":{"start":{"line":97,"column":17},"end":{"line":97,"column":26}},"45":{"start":{"line":99,"column":2},"end":{"line":105,"column":3}},"46":{"start":{"line":100,"column":4},"end":{"line":104,"column":5}},"47":{"start":{"line":101,"column":17},"end":{"line":101,"column":33}},"48":{"start":{"line":102,"column":6},"end":{"line":102,"column":24}},"49":{"start":{"line":102,"column":15},"end":{"line":102,"column":24}},"50":{"start":{"line":103,"column":6},"end":{"line":103,"column":48}},"51":{"start":{"line":107,"column":2},"end":{"line":110,"column":25}},"52":{"start":{"line":108,"column":20},"end":{"line":108,"column":59}},"53":{"start":{"line":110,"column":20},"end":{"line":110,"column":23}},"54":{"start":{"line":118,"column":14},"end":{"line":118,"column":23}},"55":{"start":{"line":119,"column":2},"end":{"line":121,"column":3}},"56":{"start":{"line":120,"column":4},"end":{"line":120,"column":62}},"57":{"start":{"line":120,"column":36},"end":{"line":120,"column":62}},"58":{"start":{"line":122,"column":2},"end":{"line":122,"column":48}},"59":{"start":{"line":129,"column":12},"end":{"line":129,"column":37}},"60":{"start":{"line":130,"column":2},"end":{"line":130,"column":20}},"61":{"start":{"line":130,"column":10},"end":{"line":130,"column":20}},"62":{"start":{"line":132,"column":19},"end":{"line":132,"column":67}},"63":{"start":{"line":133,"column":14},"end":{"line":133,"column":16}},"64":{"start":{"line":135,"column":2},"end":{"line":139,"column":3}},"65":{"start":{"line":136,"column":4},"end":{"line":136,"column":34}},"66":{"start":{"line":136,"column":25},"end":{"line":136,"column":34}},"67":{"start":{"line":137,"column":4},"end":{"line":137,"column":35}},"68":{"start":{"line":137,"column":23},"end":{"line":137,"column":35}},"69":{"start":{"line":138,"column":4},"end":{"line":138,"column":35}},"70":{"start":{"line":138,"column":29},"end":{"line":138,"column":35}},"71":{"start":{"line":141,"column":2},"end":{"line":141,"column":13}}},"fnMap":{"0":{"name":"normalizeText","decl":{"start":{"line":14,"column":16},"end":{"line":14,"column":29}},"loc":{"start":{"line":14,"column":33},"end":{"line":16,"column":1}},"line":14},"1":{"name":"validateImageItem","decl":{"start":{"line":18,"column":16},"end":{"line":18,"column":33}},"loc":{"start":{"line":18,"column":40},"end":{"line":33,"column":1}},"line":18},"2":{"name":"(anonymous_2)","decl":{"start":{"line":28,"column":50},"end":{"line":28,"column":51}},"loc":{"start":{"line":28,"column":55},"end":{"line":28,"column":95}},"line":28},"3":{"name":"parseAndValidateJson","decl":{"start":{"line":35,"column":16},"end":{"line":35,"column":36}},"loc":{"start":{"line":35,"column":43},"end":{"line":50,"column":1}},"line":35},"4":{"name":"filterByCategory","decl":{"start":{"line":52,"column":16},"end":{"line":52,"column":32}},"loc":{"start":{"line":52,"column":51},"end":{"line":56,"column":1}},"line":52},"5":{"name":"(anonymous_5)","decl":{"start":{"line":55,"column":23},"end":{"line":55,"column":24}},"loc":{"start":{"line":55,"column":30},"end":{"line":55,"column":63}},"line":55},"6":{"name":"filterByTags","decl":{"start":{"line":58,"column":16},"end":{"line":58,"column":28}},"loc":{"start":{"line":58,"column":51},"end":{"line":67,"column":1}},"line":58},"7":{"name":"(anonymous_7)","decl":{"start":{"line":63,"column":23},"end":{"line":63,"column":24}},"loc":{"start":{"line":63,"column":30},"end":{"line":66,"column":3}},"line":63},"8":{"name":"(anonymous_8)","decl":{"start":{"line":65,"column":22},"end":{"line":65,"column":23}},"loc":{"start":{"line":65,"column":27},"end":{"line":65,"column":41}},"line":65},"9":{"name":"searchImages","decl":{"start":{"line":69,"column":16},"end":{"line":69,"column":28}},"loc":{"start":{"line":69,"column":44},"end":{"line":81,"column":1}},"line":69},"10":{"name":"(anonymous_10)","decl":{"start":{"line":73,"column":23},"end":{"line":73,"column":24}},"loc":{"start":{"line":73,"column":30},"end":{"line":80,"column":3}},"line":73},"11":{"name":"applyFilters","decl":{"start":{"line":83,"column":16},"end":{"line":83,"column":28}},"loc":{"start":{"line":83,"column":95},"end":{"line":89,"column":1}},"line":83},"12":{"name":"getTopTags","decl":{"start":{"line":96,"column":16},"end":{"line":96,"column":26}},"loc":{"start":{"line":96,"column":43},"end":{"line":111,"column":1}},"line":96},"13":{"name":"(anonymous_13)","decl":{"start":{"line":108,"column":10},"end":{"line":108,"column":11}},"loc":{"start":{"line":108,"column":20},"end":{"line":108,"column":59}},"line":108},"14":{"name":"(anonymous_14)","decl":{"start":{"line":110,"column":9},"end":{"line":110,"column":10}},"loc":{"start":{"line":110,"column":20},"end":{"line":110,"column":23}},"line":110},"15":{"name":"getAllUniqueTags","decl":{"start":{"line":117,"column":16},"end":{"line":117,"column":32}},"loc":{"start":{"line":117,"column":41},"end":{"line":123,"column":1}},"line":117},"16":{"name":"suggestTags","decl":{"start":{"line":128,"column":16},"end":{"line":128,"column":27}},"loc":{"start":{"line":128,"column":75},"end":{"line":142,"column":1}},"line":128}},"branchMap":{"0":{"loc":{"start":{"line":15,"column":16},"end":{"line":15,"column":23}},"type":"binary-expr","locations":[{"start":{"line":15,"column":16},"end":{"line":15,"column":17}},{"start":{"line":15,"column":21},"end":{"line":15,"column":23}}],"line":15},"1":{"loc":{"start":{"line":19,"column":2},"end":{"line":19,"column":94}},"type":"if","locations":[{"start":{"line":19,"column":2},"end":{"line":19,"column":94}},{"start":{},"end":{}}],"line":19},"2":{"loc":{"start":{"line":19,"column":6},"end":{"line":19,"column":39}},"type":"binary-expr","locations":[{"start":{"line":19,"column":6},"end":{"line":19,"column":11}},{"start":{"line":19,"column":15},"end":{"line":19,"column":39}}],"line":19},"3":{"loc":{"start":{"line":23,"column":4},"end":{"line":25,"column":5}},"type":"if","locations":[{"start":{"line":23,"column":4},"end":{"line":25,"column":5}},{"start":{},"end":{}}],"line":23},"4":{"loc":{"start":{"line":23,"column":8},"end":{"line":23,"column":64}},"type":"binary-expr","locations":[{"start":{"line":23,"column":8},"end":{"line":23,"column":37}},{"start":{"line":23,"column":41},"end":{"line":23,"column":64}}],"line":23},"5":{"loc":{"start":{"line":28,"column":2},"end":{"line":30,"column":3}},"type":"if","locations":[{"start":{"line":28,"column":2},"end":{"line":30,"column":3}},{"start":{},"end":{}}],"line":28},"6":{"loc":{"start":{"line":28,"column":6},"end":{"line":28,"column":96}},"type":"binary-expr","locations":[{"start":{"line":28,"column":6},"end":{"line":28,"column":31}},{"start":{"line":28,"column":35},"end":{"line":28,"column":96}}],"line":28},"7":{"loc":{"start":{"line":28,"column":55},"end":{"line":28,"column":95}},"type":"binary-expr","locations":[{"start":{"line":28,"column":55},"end":{"line":28,"column":76}},{"start":{"line":28,"column":80},"end":{"line":28,"column":95}}],"line":28},"8":{"loc":{"start":{"line":36,"column":2},"end":{"line":38,"column":3}},"type":"if","locations":[{"start":{"line":36,"column":2},"end":{"line":38,"column":3}},{"start":{},"end":{}}],"line":36},"9":{"loc":{"start":{"line":36,"column":6},"end":{"line":36,"column":70}},"type":"binary-expr","locations":[{"start":{"line":36,"column":6},"end":{"line":36,"column":11}},{"start":{"line":36,"column":15},"end":{"line":36,"column":39}},{"start":{"line":36,"column":43},"end":{"line":36,"column":70}}],"line":36},"10":{"loc":{"start":{"line":45,"column":4},"end":{"line":46,"column":27}},"type":"if","locations":[{"start":{"line":45,"column":4},"end":{"line":46,"column":27}},{"start":{"line":46,"column":9},"end":{"line":46,"column":27}}],"line":45},"11":{"loc":{"start":{"line":45,"column":32},"end":{"line":45,"column":53}},"type":"binary-expr","locations":[{"start":{"line":45,"column":32},"end":{"line":45,"column":40}},{"start":{"line":45,"column":44},"end":{"line":45,"column":53}}],"line":45},"12":{"loc":{"start":{"line":54,"column":2},"end":{"line":54,"column":39}},"type":"if","locations":[{"start":{"line":54,"column":2},"end":{"line":54,"column":39}},{"start":{},"end":{}}],"line":54},"13":{"loc":{"start":{"line":54,"column":6},"end":{"line":54,"column":23}},"type":"binary-expr","locations":[{"start":{"line":54,"column":6},"end":{"line":54,"column":8}},{"start":{"line":54,"column":12},"end":{"line":54,"column":23}}],"line":54},"14":{"loc":{"start":{"line":59,"column":16},"end":{"line":59,"column":34}},"type":"binary-expr","locations":[{"start":{"line":59,"column":16},"end":{"line":59,"column":28}},{"start":{"line":59,"column":32},"end":{"line":59,"column":34}}],"line":59},"15":{"loc":{"start":{"line":60,"column":2},"end":{"line":60,"column":39}},"type":"if","locations":[{"start":{"line":60,"column":2},"end":{"line":60,"column":39}},{"start":{},"end":{}}],"line":60},"16":{"loc":{"start":{"line":64,"column":29},"end":{"line":64,"column":43}},"type":"binary-expr","locations":[{"start":{"line":64,"column":29},"end":{"line":64,"column":37}},{"start":{"line":64,"column":41},"end":{"line":64,"column":43}}],"line":64},"17":{"loc":{"start":{"line":71,"column":2},"end":{"line":71,"column":24}},"type":"if","locations":[{"start":{"line":71,"column":2},"end":{"line":71,"column":24}},{"start":{},"end":{}}],"line":71},"18":{"loc":{"start":{"line":77,"column":10},"end":{"line":77,"column":24}},"type":"binary-expr","locations":[{"start":{"line":77,"column":10},"end":{"line":77,"column":18}},{"start":{"line":77,"column":22},"end":{"line":77,"column":24}}],"line":77},"19":{"loc":{"start":{"line":83,"column":37},"end":{"line":83,"column":93}},"type":"default-arg","locations":[{"start":{"line":83,"column":91},"end":{"line":83,"column":93}}],"line":83},"20":{"loc":{"start":{"line":83,"column":39},"end":{"line":83,"column":55}},"type":"default-arg","locations":[{"start":{"line":83,"column":50},"end":{"line":83,"column":55}}],"line":83},"21":{"loc":{"start":{"line":83,"column":57},"end":{"line":83,"column":74}},"type":"default-arg","locations":[{"start":{"line":83,"column":72},"end":{"line":83,"column":74}}],"line":83},"22":{"loc":{"start":{"line":83,"column":76},"end":{"line":83,"column":86}},"type":"default-arg","locations":[{"start":{"line":83,"column":84},"end":{"line":83,"column":86}}],"line":83},"23":{"loc":{"start":{"line":96,"column":35},"end":{"line":96,"column":41}},"type":"default-arg","locations":[{"start":{"line":96,"column":39},"end":{"line":96,"column":41}}],"line":96},"24":{"loc":{"start":{"line":100,"column":20},"end":{"line":100,"column":34}},"type":"binary-expr","locations":[{"start":{"line":100,"column":20},"end":{"line":100,"column":28}},{"start":{"line":100,"column":32},"end":{"line":100,"column":34}}],"line":100},"25":{"loc":{"start":{"line":102,"column":6},"end":{"line":102,"column":24}},"type":"if","locations":[{"start":{"line":102,"column":6},"end":{"line":102,"column":24}},{"start":{},"end":{}}],"line":102},"26":{"loc":{"start":{"line":103,"column":22},"end":{"line":103,"column":41}},"type":"binary-expr","locations":[{"start":{"line":103,"column":22},"end":{"line":103,"column":36}},{"start":{"line":103,"column":40},"end":{"line":103,"column":41}}],"line":103},"27":{"loc":{"start":{"line":108,"column":20},"end":{"line":108,"column":59}},"type":"binary-expr","locations":[{"start":{"line":108,"column":20},"end":{"line":108,"column":31}},{"start":{"line":108,"column":35},"end":{"line":108,"column":59}}],"line":108},"28":{"loc":{"start":{"line":120,"column":20},"end":{"line":120,"column":34}},"type":"binary-expr","locations":[{"start":{"line":120,"column":20},"end":{"line":120,"column":28}},{"start":{"line":120,"column":32},"end":{"line":120,"column":34}}],"line":120},"29":{"loc":{"start":{"line":128,"column":63},"end":{"line":128,"column":73}},"type":"default-arg","locations":[{"start":{"line":128,"column":71},"end":{"line":128,"column":73}}],"line":128},"30":{"loc":{"start":{"line":130,"column":2},"end":{"line":130,"column":20}},"type":"if","locations":[{"start":{"line":130,"column":2},"end":{"line":130,"column":20}},{"start":{},"end":{}}],"line":130},"31":{"loc":{"start":{"line":132,"column":28},"end":{"line":132,"column":46}},"type":"binary-expr","locations":[{"start":{"line":132,"column":28},"end":{"line":132,"column":40}},{"start":{"line":132,"column":44},"end":{"line":132,"column":46}}],"line":132},"32":{"loc":{"start":{"line":136,"column":4},"end":{"line":136,"column":34}},"type":"if","locations":[{"start":{"line":136,"column":4},"end":{"line":136,"column":34}},{"start":{},"end":{}}],"line":136},"33":{"loc":{"start":{"line":137,"column":4},"end":{"line":137,"column":35}},"type":"if","locations":[{"start":{"line":137,"column":4},"end":{"line":137,"column":35}},{"start":{},"end":{}}],"line":137},"34":{"loc":{"start":{"line":138,"column":4},"end":{"line":138,"column":35}},"type":"if","locations":[{"start":{"line":138,"column":4},"end":{"line":138,"column":35}},{"start":{},"end":{}}],"line":138}},"s":{"0":105,"1":4,"2":0,"3":4,"4":4,"5":20,"6":1,"7":3,"8":6,"9":0,"10":3,"11":3,"12":1,"13":2,"14":2,"15":2,"16":4,"17":4,"18":1,"19":3,"20":2,"21":4,"22":4,"23":1,"24":3,"25":9,"26":5,"27":5,"28":3,"29":2,"30":6,"31":6,"32":8,"33":6,"34":6,"35":2,"36":4,"37":10,"38":10,"39":2,"40":2,"41":2,"42":2,"43":2,"44":3,"45":3,"46":8,"47":14,"48":14,"49":0,"50":14,"51":3,"52":8,"53":5,"54":2,"55":2,"56":4,"57":7,"58":2,"59":4,"60":4,"61":1,"62":3,"63":3,"64":3,"65":11,"66":1,"67":10,"68":4,"69":10,"70":1,"71":3},"f":{"0":105,"1":4,"2":6,"3":3,"4":4,"5":9,"6":5,"7":6,"8":8,"9":6,"10":10,"11":2,"12":3,"13":8,"14":5,"15":2,"16":4},"b":{"0":[105,2],"1":[0,4],"2":[4,4],"3":[1,19],"4":[20,19],"5":[0,3],"6":[3,3],"7":[6,6],"8":[1,2],"9":[3,3,3],"10":[1,3],"11":[1,0],"12":[1,3],"13":[4,4],"14":[5,0],"15":[3,2],"16":[6,0],"17":[2,4],"18":[10,0],"19":[0],"20":[0],"21":[2],"22":[1],"23":[0],"24":[8,0],"25":[0,14],"26":[14,6],"27":[8,4],"28":[4,0],"29":[3],"30":[1,3],"31":[3,0],"32":[1,10],"33":[4,6],"34":[1,9]},"_coverageSchema":"1a1c01bbd47fc00a2c39e90264f33305004495a9","hash":"fa0724be1de2df0118b7a54462f08fdf7b939857"}
}
