TN:
SF:src\utils.js
FN:14,normalizeText
FN:18,validateImageItem
FN:28,(anonymous_2)
FN:35,parseAndValidateJson
FN:52,filterByCategory
FN:55,(anonymous_5)
FN:58,filterByTags
FN:63,(anonymous_7)
FN:65,(anonymous_8)
FN:69,searchImages
FN:73,(anonymous_10)
FN:83,applyFilters
FN:96,getTopTags
FN:108,(anonymous_13)
FN:110,(anonymous_14)
FN:117,getAllUniqueTags
FN:128,suggestTags
FNF:17
FNH:17
FNDA:105,normalizeText
FNDA:4,validateImageItem
FNDA:6,(anonymous_2)
FNDA:3,parseAndValidateJson
FNDA:4,filterByCategory
FNDA:9,(anonymous_5)
FNDA:5,filterByTags
FNDA:6,(anonymous_7)
FNDA:8,(anonymous_8)
FNDA:6,searchImages
FNDA:10,(anonymous_10)
FNDA:2,applyFilters
FNDA:3,getTopTags
FNDA:8,(anonymous_13)
FNDA:5,(anonymous_14)
FNDA:2,getAllUniqueTags
FNDA:4,suggestTags
DA:15,105
DA:19,4
DA:21,4
DA:22,4
DA:23,20
DA:24,1
DA:28,6
DA:29,0
DA:32,3
DA:36,3
DA:37,1
DA:40,2
DA:41,2
DA:43,2
DA:44,4
DA:45,4
DA:46,3
DA:49,2
DA:53,4
DA:54,4
DA:55,9
DA:59,5
DA:60,5
DA:63,2
DA:64,6
DA:65,8
DA:70,6
DA:71,6
DA:73,4
DA:74,10
DA:79,10
DA:84,2
DA:85,2
DA:86,2
DA:87,2
DA:88,2
DA:97,3
DA:99,3
DA:100,8
DA:101,14
DA:102,14
DA:103,14
DA:107,3
DA:108,8
DA:110,5
DA:118,2
DA:119,2
DA:120,7
DA:122,2
DA:129,4
DA:130,4
DA:132,3
DA:133,3
DA:135,3
DA:136,11
DA:137,10
DA:138,10
DA:141,3
LF:58
LH:57
BRDA:15,0,0,105
BRDA:15,0,1,2
BRDA:19,1,0,0
BRDA:19,1,1,4
BRDA:19,2,0,4
BRDA:19,2,1,4
BRDA:23,3,0,1
BRDA:23,3,1,19
BRDA:23,4,0,20
BRDA:23,4,1,19
BRDA:28,5,0,0
BRDA:28,5,1,3
BRDA:28,6,0,3
BRDA:28,6,1,3
BRDA:28,7,0,6
BRDA:28,7,1,6
BRDA:36,8,0,1
BRDA:36,8,1,2
BRDA:36,9,0,3
BRDA:36,9,1,3
BRDA:36,9,2,3
BRDA:45,10,0,1
BRDA:45,10,1,3
BRDA:45,11,0,1
BRDA:45,11,1,0
BRDA:54,12,0,1
BRDA:54,12,1,3
BRDA:54,13,0,4
BRDA:54,13,1,4
BRDA:59,14,0,5
BRDA:59,14,1,0
BRDA:60,15,0,3
BRDA:60,15,1,2
BRDA:64,16,0,6
BRDA:64,16,1,0
BRDA:71,17,0,2
BRDA:71,17,1,4
BRDA:77,18,0,10
BRDA:77,18,1,0
BRDA:83,19,0,0
BRDA:83,20,0,0
BRDA:83,21,0,2
BRDA:83,22,0,1
BRDA:96,23,0,0
BRDA:100,24,0,8
BRDA:100,24,1,0
BRDA:102,25,0,0
BRDA:102,25,1,14
BRDA:103,26,0,14
BRDA:103,26,1,6
BRDA:108,27,0,8
BRDA:108,27,1,4
BRDA:120,28,0,4
BRDA:120,28,1,0
BRDA:128,29,0,3
BRDA:130,30,0,1
BRDA:130,30,1,3
BRDA:132,31,0,3
BRDA:132,31,1,0
BRDA:136,32,0,1
BRDA:136,32,1,10
BRDA:137,33,0,4
BRDA:137,33,1,6
BRDA:138,34,0,1
BRDA:138,34,1,9
BRF:65
BRH:52
end_of_record
